Warning: random.cabal:15:2: Tabs used as indentation at 15:2, 16:2, 17:2
Configuring random-1.1...
Preprocessing library for random-1.1..
Building library for random-1.1..
[1 of 1] Compiling System.Random    ( System/Random.hs, .stack-work/dist/x86_64-linux/Cabal-2.2.0.1/build/System/Random.o )

[;1mSystem/Random.hs:43:1: [;1m[35mwarning:[0m[0m[;1m [[;1m[35m-Wtabs[0m[0m[;1m][0m[0m[;1m
    Tab character found here, and in 74 further locations.
    Please use spaces instead.[0m[0m
[;1m[34m   |[0m[0m
[;1m[34m43 |[0m[0m [;1m[35m        [0m[0m(
[;1m[34m   |[0m[0m[;1m[35m ^^^^^^^^[0m[0m
[0m[0m[0mignoring (possibly broken) abi-depends field for packages
Preprocessing library for random-1.1..
Running Haddock on library for random-1.1..

System/Random.hs:43:1: warning: [-Wtabs]
    Tab character found here, and in 74 further locations.
    Please use spaces instead.
   |
43 |         (
   | ^^^^^^^^
Haddock coverage:
Cannot find documentation for: $intro
 100% ( 16 / 16) in 'System.Random'
Documentation created:
.stack-work/dist/x86_64-linux/Cabal-2.2.0.1/doc/html/random/index.html,
.stack-work/dist/x86_64-linux/Cabal-2.2.0.1/doc/html/random/random.txt
Installing library in /home/Guilherme/.stack/snapshots/x86_64-linux/lts-12.2/8.4.3/lib/x86_64-linux-ghc-8.4.3/random-1.1-9LLJAJa4iQFLJiLXBOBXBV
Registering library for random-1.1..
